This is pdfTeX, Version 3.14159265-2.6-1.40.21 (MiKTeX 2.9.7440 64-bit) (preloaded format=pdflatex 2020.5.23)  23 MAY 2020 18:46
entering extended mode
**e:/Programmi/GitHub/sibilla_relazione/sibilla.tex
(e:/Programmi/GitHub/sibilla_relazione/sibilla.tex
LaTeX2e <2020-02-02> patch level 5
L3 programming layer <2020-05-15> ("C:\Users\Francesco\AppData\Local\Programs\MiKTeX 2.9\tex/latex/base\article.cls"
Document Class: article 2019/12/20 v1.4l Standard LaTeX document class
("C:\Users\Francesco\AppData\Local\Programs\MiKTeX 2.9\tex/latex/base\size10.clo"
File: size10.clo 2019/12/20 v1.4l Standard LaTeX file (size option)
)
\c@part=\count167
\c@section=\count168
\c@subsection=\count169
\c@subsubsection=\count170
\c@paragraph=\count171
\c@subparagraph=\count172
\c@figure=\count173
\c@table=\count174
\abovecaptionskip=\skip47
\belowcaptionskip=\skip48
\bibindent=\dimen134
) ("C:\Users\Francesco\AppData\Local\Programs\MiKTeX 2.9\tex/latex/base\inputenc.sty"
Package: inputenc 2018/08/11 v1.3c Input encoding file
\inpenc@prehook=\toks15
\inpenc@posthook=\toks16
) ("C:\Users\Francesco\AppData\Local\Programs\MiKTeX 2.9\tex/latex/graphics\graphicx.sty"
Package: graphicx 2019/11/30 v1.2a Enhanced LaTeX Graphics (DPC,SPQR)
 ("C:\Users\Francesco\AppData\Local\Programs\MiKTeX 2.9\tex/latex/graphics\keyval.sty"
Package: keyval 2014/10/28 v1.15 key=value parser (DPC)
\KV@toks@=\toks17
) ("C:\Users\Francesco\AppData\Local\Programs\MiKTeX 2.9\tex/latex/graphics\graphics.sty"
Package: graphics 2019/11/30 v1.4a Standard LaTeX Graphics (DPC,SPQR)
 ("C:\Users\Francesco\AppData\Local\Programs\MiKTeX 2.9\tex/latex/graphics\trig.sty"
Package: trig 2016/01/03 v1.10 sin cos tan (DPC)
) ("C:\Users\Francesco\AppData\Local\Programs\MiKTeX 2.9\tex/latex/graphics-cfg\graphics.cfg"
File: graphics.cfg 2016/06/04 v1.11 sample graphics configuration
)
Package graphics Info: Driver file: pdftex.def on input line 105.
 ("C:\Users\Francesco\AppData\Local\Programs\MiKTeX 2.9\tex/latex/graphics-def\pdftex.def"
File: pdftex.def 2018/01/08 v1.0l Graphics/color driver for pdftex
))
\Gin@req@height=\dimen135
\Gin@req@width=\dimen136
) ("C:\Users\Francesco\AppData\Local\Programs\MiKTeX 2.9\tex/latex/caption\caption.sty"
Package: caption 2020/05/10 v3.4j Customizing captions (AR)
 ("C:\Users\Francesco\AppData\Local\Programs\MiKTeX 2.9\tex/latex/caption\caption3.sty"
Package: caption3 2020/05/10 v1.11 caption3 kernel (AR)
Package caption3 Info: TeX engine: e-TeX on input line 61.
\captionmargin=\dimen137
\captionmargin@=\dimen138
\captionwidth=\dimen139
\caption@tempdima=\dimen140
\caption@indent=\dimen141
\caption@parindent=\dimen142
\caption@hangindent=\dimen143
Package caption Info: Standard document class detected.
)
\c@caption@flags=\count175
\c@continuedfloat=\count176
) ("C:\Users\Francesco\AppData\Local\Programs\MiKTeX 2.9\tex/latex/float\float.sty"
Package: float 2001/11/08 v1.3d Float enhancements (AL)
\c@float@type=\count177
\float@exts=\toks18
\float@box=\box45
\@float@everytoks=\toks19
\@floatcapt=\box46
) ("C:\Users\Francesco\AppData\Local\Programs\MiKTeX 2.9\tex/latex/l3backend\l3backend-pdfmode.def"
File: l3backend-pdfmode.def 2020-05-05 L3 backend support: PDF mode
\l__kernel_color_stack_int=\count178
\l__pdf_internal_box=\box47
) (e:/Programmi\GitHub\sibilla_relazione\sibilla.aux)
\openout1 = `sibilla.aux'.

LaTeX Font Info:    Checking defaults for OML/cmm/m/it on input line 11.
LaTeX Font Info:    ... okay on input line 11.
LaTeX Font Info:    Checking defaults for OMS/cmsy/m/n on input line 11.
LaTeX Font Info:    ... okay on input line 11.
LaTeX Font Info:    Checking defaults for OT1/cmr/m/n on input line 11.
LaTeX Font Info:    ... okay on input line 11.
LaTeX Font Info:    Checking defaults for T1/cmr/m/n on input line 11.
LaTeX Font Info:    ... okay on input line 11.
LaTeX Font Info:    Checking defaults for TS1/cmr/m/n on input line 11.
LaTeX Font Info:    ... okay on input line 11.
LaTeX Font Info:    Checking defaults for OMX/cmex/m/n on input line 11.
LaTeX Font Info:    ... okay on input line 11.
LaTeX Font Info:    Checking defaults for U/cmr/m/n on input line 11.
LaTeX Font Info:    ... okay on input line 11.
 ("C:\Users\Francesco\AppData\Local\Programs\MiKTeX 2.9\tex/context/base/mkii\supp-pdf.mkii"
[Loading MPS to PDF converter (version 2006.09.02).]
\scratchcounter=\count179
\scratchdimen=\dimen144
\scratchbox=\box48
\nofMPsegments=\count180
\nofMParguments=\count181
\everyMPshowfont=\toks20
\MPscratchCnt=\count182
\MPscratchDim=\dimen145
\MPnumerator=\count183
\makeMPintoPDFobject=\count184
\everyMPtoPDFconversion=\toks21
) ("C:\Users\Francesco\AppData\Local\Programs\MiKTeX 2.9\tex/latex/epstopdf-pkg\epstopdf-base.sty"
Package: epstopdf-base 2020-01-24 v2.11 Base part for package epstopdf
Package epstopdf-base Info: Redefining graphics rule for `.eps' on input line 485.
)
Package caption Info: Begin \AtBeginDocument code.
Package caption Info: float package is loaded.
Package caption Info: End \AtBeginDocument code.
LaTeX Font Info:    External font `cmex10' loaded for size
(Font)              <12> on input line 13.
LaTeX Font Info:    External font `cmex10' loaded for size
(Font)              <8> on input line 13.
LaTeX Font Info:    External font `cmex10' loaded for size
(Font)              <6> on input line 13.
 (e:/Programmi\GitHub\sibilla_relazione\sibilla.toc
LaTeX Font Info:    External font `cmex10' loaded for size
(Font)              <7> on input line 2.
LaTeX Font Info:    External font `cmex10' loaded for size
(Font)              <5> on input line 2.
)
\tf@toc=\write3
\openout3 = `sibilla.toc'.

 (e:/Programmi\GitHub\sibilla_relazione\avvioprogetto.tex [1

{C:/Users/Francesco/AppData/Local/MiKTeX/2.9/pdftex/config/pdftex.map}]
Underfull \hbox (badness 1642) in paragraph at lines 5--6
\OT1/cmr/m/n/10 I tre com-po-nenti del pro-getto pos-sono es-sere es-e-guiti sin-go-lar-mente in
 []

) (e:/Programmi\GitHub\sibilla_relazione\strutturaclassi.tex [2]
Underfull \hbox (badness 6675) in paragraph at lines 6--7
\OT1/cmr/m/n/10 Il pack-age di rifer-i-mento rel-a-tivo alla li-bre-ria svilup-pata e qua-sy-
 []

<images/quasylab.sibilla.core.network.client.png, id=13, 901.9296pt x 282.5757pt>
File: images/quasylab.sibilla.core.network.client.png Graphic file (type png)
<use images/quasylab.sibilla.core.network.client.png>
Package pdftex.def Info: images/quasylab.sibilla.core.network.client.png  used on input line 11.
(pdftex.def)             Requested size: 345.0pt x 108.09131pt.
<images/quasylab.sibilla.core.network.master.png, id=15, 2248.3197pt x 1059.4782pt>
File: images/quasylab.sibilla.core.network.master.png Graphic file (type png)
<use images/quasylab.sibilla.core.network.master.png>
Package pdftex.def Info: images/quasylab.sibilla.core.network.master.png  used on input line 19.
(pdftex.def)             Requested size: 345.0pt x 162.56845pt.
[3 <e:/Programmi/GitHub/sibilla_relazione/images/quasylab.sibilla.core.network.client.png> <e:/Programmi/GitHub/sibilla_relazione/images/quasylab.sibilla.core.network.master.png>]
<images/quasylab.sibilla.core.network.slave.png, id=21, 1267.6158pt x 604.1772pt>
File: images/quasylab.sibilla.core.network.slave.png Graphic file (type png)
<use images/quasylab.sibilla.core.network.slave.png>
Package pdftex.def Info: images/quasylab.sibilla.core.network.slave.png  used on input line 27.
(pdftex.def)             Requested size: 345.0pt x 164.4299pt.
<images/quasylab.sibilla.core.network.communication.png, id=22, 1443.2319pt x 761.7258pt>
File: images/quasylab.sibilla.core.network.communication.png Graphic file (type png)
<use images/quasylab.sibilla.core.network.communication.png>
Package pdftex.def Info: images/quasylab.sibilla.core.network.communication.png  used on input line 35.
(pdftex.def)             Requested size: 345.0pt x 182.08568pt.
 [4 <e:/Programmi/GitHub/sibilla_relazione/images/quasylab.sibilla.core.network.slave.png> <e:/Programmi/GitHub/sibilla_relazione/images/quasylab.sibilla.core.network.communication.png>]
<images/quasylab.sibilla.core.network.compression.png, id=28, 328.1058pt x 204.5241pt>
File: images/quasylab.sibilla.core.network.compression.png Graphic file (type png)
<use images/quasylab.sibilla.core.network.compression.png>
Package pdftex.def Info: images/quasylab.sibilla.core.network.compression.png  used on input line 43.
(pdftex.def)             Requested size: 345.0pt x 215.05933pt.
<images/quasylab.sibilla.core.network.serialization.png, id=29, 539.8569pt x 227.6505pt>
File: images/quasylab.sibilla.core.network.serialization.png Graphic file (type png)
<use images/quasylab.sibilla.core.network.serialization.png>
Package pdftex.def Info: images/quasylab.sibilla.core.network.serialization.png  used on input line 51.
(pdftex.def)             Requested size: 345.0pt x 145.48392pt.
 [5 <e:/Programmi/GitHub/sibilla_relazione/images/quasylab.sibilla.core.network.compression.png>]
<images/quasylab.sibilla.core.network.utils.png, id=34, 514.5624pt x 336.7782pt>
File: images/quasylab.sibilla.core.network.utils.png Graphic file (type png)
<use images/quasylab.sibilla.core.network.utils.png>
Package pdftex.def Info: images/quasylab.sibilla.core.network.utils.png  used on input line 59.
(pdftex.def)             Requested size: 345.0pt x 225.8098pt.
) (e:/Programmi\GitHub\sibilla_relazione\descrizioneinfrastruttura.tex [6 <e:/Programmi/GitHub/sibilla_relazione/images/quasylab.sibilla.core.network.serialization.png> <e:/Programmi/GitHub/sibilla_relazione/images/quasylab.sibilla.core.network.utils.png>]) [7] (e:/Programmi\GitHub\sibilla_relazione\sibilla.aux) ) 
Here is how much of TeX's memory you used:
 2446 strings out of 480799
 43166 string characters out of 2893916
 274420 words of memory out of 3000000
 18459 multiletter control sequences out of 15000+200000
 536593 words of font info for 38 fonts, out of 3000000 for 9000
 1141 hyphenation exceptions out of 8191
 38i,6n,43p,738b,272s stack positions out of 5000i,500n,10000p,200000b,50000s
<C:/Users/Francesco/AppData/Local/Programs/MiKTeX 2.9/fonts/type1/public/amsfonts/cm/cmbx10.pfb><C:/Users/Francesco/AppData/Local/Programs/MiKTeX 2.9/fonts/type1/public/amsfonts/cm/cmbx12.pfb><C:/Users/Francesco/AppData/Local/Programs/MiKTeX 2.9/fonts/type1/public/amsfonts/cm/cmr10.pfb><C:/Users/Francesco/AppData/Local/Programs/MiKTeX 2.9/fonts/type1/public/amsfonts/cm/cmr12.pfb><C:/Users/Francesco/AppData/Local/Programs/MiKTeX 2.9/fonts/type1/public/amsfonts/cm/cmr17.pfb>
Output written on e:/Programmi\GitHub\sibilla_relazione\sibilla.pdf (7 pages, 2687982 bytes).
PDF statistics:
 61 PDF objects out of 1000 (max. 8388607)
 0 named destinations out of 1000 (max. 500000)
 36 words of extra memory for PDF output out of 10000 (max. 10000000)

